<?xml version="1.0" encoding="UTF-8"?>
<!-- Generated by org.testng.reporters.JUnitReportReporter -->
<testsuite hostname="mohammadsohil" failures="0" tests="15" name="Handling_Alerts_ConfirmBox_TestCases.Alerts_TestCases" time="25.960" errors="0" timestamp="2022-11-30T13:08:45 IST" skipped="0">
  <testcase classname="Handling_Alerts_ConfirmBox_TestCases.Alerts_TestCases" name="mousehover" time="12.363"/>
  <system-out/>
  <testcase classname="Handling_Alerts_ConfirmBox_TestCases.Alerts_TestCases" name="clickAlertWithTextPresentTest" time="1.061"/>
  <system-out/>
  <testcase classname="Handling_Alerts_ConfirmBox_TestCases.Alerts_TestCases" name="AcceptPopUpBoxTest" time="1.027"/>
  <system-out/>
  <testcase classname="Handling_Alerts_ConfirmBox_TestCases.Alerts_TestCases" name="enterInPrompBoxTest" time="0.035"/>
  <system-out/>
  <testcase classname="Handling_Alerts_ConfirmBox_TestCases.Alerts_TestCases" name="AcceptAlertTest" time="2.011"/>
  <system-out/>
  <testcase classname="Handling_Alerts_ConfirmBox_TestCases.Alerts_TestCases" name="clickOnAlertWithOKAndCancelTest" time="0.050"/>
  <system-out/>
  <testcase classname="Handling_Alerts_ConfirmBox_TestCases.Alerts_TestCases" name="SwitchToPresentTest" time="0.071"/>
  <system-out/>
  <testcase classname="Handling_Alerts_ConfirmBox_TestCases.Alerts_TestCases" name="alertboxTest" time="1.074"/>
  <system-out/>
  <testcase classname="Handling_Alerts_ConfirmBox_TestCases.Alerts_TestCases" name="AlertPresentTest" time="2.022"/>
  <system-out/>
  <testcase classname="Handling_Alerts_ConfirmBox_TestCases.Alerts_TestCases" name="isAlertWithOKAndCancelTest" time="2.050"/>
  <system-out/>
  <testcase classname="Handling_Alerts_ConfirmBox_TestCases.Alerts_TestCases" name="clickConfirmBoxTest" time="1.086"/>
  <system-out/>
  <testcase classname="Handling_Alerts_ConfirmBox_TestCases.Alerts_TestCases" name="isConfirmBoxPresentTest" time="1.013"/>
  <system-out/>
  <testcase classname="Handling_Alerts_ConfirmBox_TestCases.Alerts_TestCases" name="isAlertWithTextPresentTest" time="1.034"/>
  <system-out/>
  <testcase classname="Handling_Alerts_ConfirmBox_TestCases.Alerts_TestCases" name="clickOnPrompBoxTest" time="0.050"/>
  <system-out/>
  <testcase classname="Handling_Alerts_ConfirmBox_TestCases.Alerts_TestCases" name="isPrompBoxPresentTest" time="1.013"/>
  <system-out/>
</testsuite> <!-- Handling_Alerts_ConfirmBox_TestCases.Alerts_TestCases -->
